TN:
SF:src/App.jsx
FN:6,App
FNF:1
FNH:0
FNDA:0,App
DA:7,0
LF:1
LH:0
BRF:0
BRH:0
end_of_record
TN:
SF:src/routes.jsx
FNF:0
FNH:0
DA:9,0
LF:1
LH:0
BRF:0
BRH:0
end_of_record
TN:
SF:src/components/Card/Card.jsx
FN:3,(anonymous_0)
FNF:1
FNH:1
FNDA:290,(anonymous_0)
DA:3,2
DA:4,290
LF:2
LH:2
BRF:0
BRH:0
end_of_record
TN:
SF:src/components/Footer/Footer.jsx
FN:3,(anonymous_0)
FNF:1
FNH:0
FNDA:0,(anonymous_0)
DA:3,0
DA:4,0
LF:2
LH:0
BRF:0
BRH:0
end_of_record
TN:
SF:src/components/FormField/FormField.jsx
FN:4,(anonymous_0)
FNF:1
FNH:1
FNDA:230,(anonymous_0)
DA:4,1
DA:5,230
LF:2
LH:2
BRDA:11,0,0,230
BRDA:11,0,1,4
BRF:2
BRH:2
end_of_record
TN:
SF:src/components/Header/Header.jsx
FN:6,(anonymous_0)
FN:11,(anonymous_1)
FN:15,(anonymous_2)
FN:16,(anonymous_3)
FN:20,(anonymous_4)
FN:23,(anonymous_5)
FNF:6
FNH:0
FNDA:0,(anonymous_0)
FNDA:0,(anonymous_1)
FNDA:0,(anonymous_2)
FNDA:0,(anonymous_3)
FNDA:0,(anonymous_4)
FNDA:0,(anonymous_5)
DA:6,0
DA:7,0
DA:8,0
DA:9,0
DA:11,0
DA:12,0
DA:15,0
DA:16,0
DA:17,0
DA:19,0
DA:20,0
DA:23,0
DA:24,0
DA:25,0
DA:26,0
DA:27,0
DA:31,0
LF:17
LH:0
BRDA:17,0,0,0
BRDA:17,0,1,0
BRDA:38,1,0,0
BRDA:38,1,1,0
BRF:4
BRH:0
end_of_record
TN:
SF:src/components/Home/Home.jsx
FN:7,(anonymous_0)
FN:12,(anonymous_1)
FNF:2
FNH:0
FNDA:0,(anonymous_0)
FNDA:0,(anonymous_1)
DA:7,0
DA:8,0
DA:9,0
DA:10,0
DA:12,0
DA:13,0
DA:14,0
DA:15,0
DA:18,0
LF:9
LH:0
BRDA:24,0,0,0
BRDA:24,0,1,0
BRF:2
BRH:0
end_of_record
TN:
SF:src/components/Input/Input.component.jsx
FN:4,(anonymous_0)
FNF:1
FNH:1
FNDA:230,(anonymous_0)
DA:4,1
DA:5,230
LF:2
LH:2
BRDA:4,0,0,230
BRDA:10,1,0,4
BRDA:10,1,1,226
BRDA:10,2,0,85
BRDA:10,2,1,145
BRF:5
BRH:5
end_of_record
TN:
SF:src/components/Loader/Loader.component.jsx
FN:2,(anonymous_0)
FNF:1
FNH:0
FNDA:0,(anonymous_0)
DA:2,0
DA:3,0
LF:2
LH:0
BRF:0
BRH:0
end_of_record
TN:
SF:src/components/LoginForm/LoginForm.component.jsx
FN:10,(anonymous_0)
FN:13,(anonymous_1)
FN:27,(anonymous_2)
FN:34,(anonymous_3)
FNF:4
FNH:4
FNDA:117,(anonymous_0)
FNDA:9,(anonymous_1)
FNDA:102,(anonymous_2)
FNDA:5,(anonymous_3)
DA:10,1
DA:11,117
DA:13,117
DA:14,9
DA:15,0
DA:19,117
DA:23,117
DA:24,117
DA:25,117
DA:27,117
DA:28,102
DA:34,117
DA:35,5
DA:36,5
DA:37,5
DA:38,5
DA:39,5
DA:42,5
DA:43,1
DA:44,1
DA:46,4
DA:47,1
DA:48,1
DA:50,5
DA:51,1
DA:52,1
DA:53,4
DA:54,1
DA:55,1
DA:57,5
DA:58,3
DA:61,2
DA:62,2
DA:66,1
DA:67,1
DA:68,1
DA:69,1
DA:70,1
DA:71,1
DA:73,1
DA:75,1
DA:76,1
DA:82,117
DA:85,117
DA:89,117
LF:45
LH:44
BRDA:14,0,0,0
BRDA:14,0,1,9
BRDA:42,1,0,1
BRDA:42,1,1,4
BRDA:42,2,0,5
BRDA:42,2,1,4
BRDA:46,3,0,1
BRDA:46,3,1,3
BRDA:50,4,0,1
BRDA:50,4,1,4
BRDA:50,5,0,5
BRDA:50,5,1,4
BRDA:53,6,0,1
BRDA:53,6,1,3
BRDA:53,7,0,4
BRDA:53,7,1,3
BRDA:57,8,0,3
BRDA:57,8,1,2
BRDA:66,9,0,1
BRDA:66,9,1,0
BRDA:82,10,0,117
BRDA:82,10,1,107
BRDA:85,11,0,117
BRDA:85,11,1,43
BRDA:85,11,2,22
BRDA:102,12,0,2
BRDA:102,12,1,115
BRDA:102,13,0,67
BRDA:102,13,1,48
BRDA:114,14,0,2
BRDA:114,14,1,115
BRDA:114,15,0,22
BRDA:114,15,1,93
BRDA:122,16,0,117
BRDA:122,16,1,0
BRF:35
BRH:32
end_of_record
TN:
SF:src/components/Posts/AddEditPost/AddEditPost.jsx
FN:9,(anonymous_0)
FN:23,(anonymous_1)
FN:24,(anonymous_2)
FN:27,(anonymous_3)
FN:42,(anonymous_4)
FN:45,(anonymous_5)
FN:52,(anonymous_6)
FN:62,(anonymous_7)
FN:166,(anonymous_8)
FNF:9
FNH:0
FNDA:0,(anonymous_0)
FNDA:0,(anonymous_1)
FNDA:0,(anonymous_2)
FNDA:0,(anonymous_3)
FNDA:0,(anonymous_4)
FNDA:0,(anonymous_5)
FNDA:0,(anonymous_6)
FNDA:0,(anonymous_7)
FNDA:0,(anonymous_8)
DA:9,0
DA:10,0
DA:12,0
DA:21,0
DA:23,0
DA:24,0
DA:27,0
DA:28,0
DA:30,0
DA:31,0
DA:32,0
DA:34,0
DA:35,0
DA:37,0
DA:38,0
DA:40,0
DA:42,0
DA:45,0
DA:46,0
DA:48,0
DA:49,0
DA:52,0
DA:53,0
DA:55,0
DA:56,0
DA:58,0
DA:62,0
DA:65,0
DA:67,0
DA:68,0
DA:69,0
DA:70,0
DA:72,0
DA:76,0
DA:166,0
LF:35
LH:0
BRDA:30,0,0,0
BRDA:30,0,1,0
BRDA:31,1,0,0
BRDA:31,1,1,0
BRDA:32,2,0,0
BRDA:32,2,1,0
BRDA:34,3,0,0
BRDA:34,3,1,0
BRDA:35,4,0,0
BRDA:35,4,1,0
BRDA:38,5,0,0
BRDA:38,5,1,0
BRDA:45,6,0,0
BRDA:45,6,1,0
BRDA:46,7,0,0
BRDA:46,7,1,0
BRDA:56,8,0,0
BRDA:56,8,1,0
BRDA:63,9,0,0
BRDA:63,9,1,0
BRDA:72,10,0,0
BRDA:72,10,1,0
BRDA:90,11,0,0
BRDA:90,11,1,0
BRDA:103,12,0,0
BRDA:103,12,1,0
BRDA:121,13,0,0
BRDA:121,13,1,0
BRDA:147,14,0,0
BRDA:147,14,1,0
BRF:30
BRH:0
end_of_record
TN:
SF:src/components/Posts/PostItem/PostItem.jsx
FN:2,(anonymous_0)
FN:19,(anonymous_1)
FNF:2
FNH:0
FNDA:0,(anonymous_0)
FNDA:0,(anonymous_1)
DA:2,0
DA:3,0
DA:5,0
DA:9,0
DA:20,0
LF:5
LH:0
BRDA:3,0,0,0
BRDA:3,0,1,0
BRDA:5,1,0,0
BRDA:5,1,1,0
BRDA:19,2,0,0
BRDA:19,2,1,0
BRF:6
BRH:0
end_of_record
TN:
SF:src/components/Posts/PostList/PostList.jsx
FN:8,(anonymous_0)
FN:14,(anonymous_1)
FN:18,(anonymous_2)
FN:21,(anonymous_3)
FN:22,(anonymous_4)
FN:35,(anonymous_5)
FN:40,(anonymous_6)
FN:44,(anonymous_7)
FN:48,(anonymous_8)
FN:51,(anonymous_9)
FN:58,(anonymous_10)
FN:61,(anonymous_11)
FN:62,(anonymous_12)
FN:71,(anonymous_13)
FN:92,(anonymous_14)
FN:109,(anonymous_15)
FN:121,(anonymous_16)
FN:132,(anonymous_17)
FNF:18
FNH:0
FNDA:0,(anonymous_0)
FNDA:0,(anonymous_1)
FNDA:0,(anonymous_2)
FNDA:0,(anonymous_3)
FNDA:0,(anonymous_4)
FNDA:0,(anonymous_5)
FNDA:0,(anonymous_6)
FNDA:0,(anonymous_7)
FNDA:0,(anonymous_8)
FNDA:0,(anonymous_9)
FNDA:0,(anonymous_10)
FNDA:0,(anonymous_11)
FNDA:0,(anonymous_12)
FNDA:0,(anonymous_13)
FNDA:0,(anonymous_14)
FNDA:0,(anonymous_15)
FNDA:0,(anonymous_16)
FNDA:0,(anonymous_17)
DA:6,0
DA:8,0
DA:9,0
DA:10,0
DA:11,0
DA:12,0
DA:14,0
DA:15,0
DA:18,0
DA:19,0
DA:21,0
DA:22,0
DA:25,0
DA:26,0
DA:27,0
DA:28,0
DA:30,0
DA:31,0
DA:35,0
DA:36,0
DA:40,0
DA:41,0
DA:44,0
DA:45,0
DA:46,0
DA:48,0
DA:50,0
DA:51,0
DA:57,0
DA:58,0
DA:61,0
DA:62,0
DA:65,0
DA:67,0
DA:72,0
DA:73,0
DA:74,0
DA:76,0
DA:93,0
DA:109,0
DA:121,0
DA:133,0
LF:42
LH:0
BRDA:8,0,0,0
BRDA:22,1,0,0
BRDA:22,1,1,0
BRDA:31,2,0,0
BRDA:31,2,1,0
BRDA:46,3,0,0
BRDA:46,3,1,0
BRDA:50,4,0,0
BRDA:50,4,1,0
BRDA:65,5,0,0
BRDA:65,5,1,0
BRDA:72,6,0,0
BRDA:72,6,1,0
BRDA:73,7,0,0
BRDA:73,7,1,0
BRDA:73,8,0,0
BRDA:73,8,1,0
BRDA:84,9,0,0
BRDA:84,9,1,0
BRDA:91,10,0,0
BRDA:91,10,1,0
BRDA:91,11,0,0
BRDA:91,11,1,0
BRDA:92,12,0,0
BRDA:92,12,1,0
BRDA:123,13,0,0
BRDA:123,13,1,0
BRDA:129,14,0,0
BRDA:129,14,1,0
BRDA:131,15,0,0
BRDA:131,15,1,0
BRDA:134,16,0,0
BRDA:134,16,1,0
BRDA:134,16,2,0
BRDA:134,17,0,0
BRDA:134,17,1,0
BRDA:133,18,0,0
BRDA:133,18,1,0
BRDA:147,19,0,0
BRDA:147,19,1,0
BRF:40
BRH:0
end_of_record
TN:
SF:src/components/Posts/PostPage/PostPage.jsx
FN:16,(anonymous_0)
FN:24,(anonymous_1)
FN:28,(anonymous_2)
FN:43,(anonymous_3)
FN:44,(anonymous_4)
FN:45,(anonymous_5)
FN:54,(anonymous_6)
FN:62,(anonymous_7)
FN:66,(anonymous_8)
FNF:9
FNH:0
FNDA:0,(anonymous_0)
FNDA:0,(anonymous_1)
FNDA:0,(anonymous_2)
FNDA:0,(anonymous_3)
FNDA:0,(anonymous_4)
FNDA:0,(anonymous_5)
FNDA:0,(anonymous_6)
FNDA:0,(anonymous_7)
FNDA:0,(anonymous_8)
DA:10,0
DA:16,0
DA:17,0
DA:18,0
DA:20,0
DA:21,0
DA:22,0
DA:24,0
DA:25,0
DA:26,0
DA:28,0
DA:29,0
DA:30,0
DA:31,0
DA:32,0
DA:34,0
DA:36,0
DA:40,0
DA:43,0
DA:44,0
DA:45,0
DA:49,0
DA:54,0
DA:63,0
DA:66,0
LF:25
LH:0
BRDA:22,0,0,0
BRDA:22,0,1,0
BRDA:26,1,0,0
BRDA:26,1,1,0
BRDA:45,2,0,0
BRDA:45,2,1,0
BRDA:64,3,0,0
BRDA:64,3,1,0
BRF:8
BRH:0
end_of_record
TN:
SF:src/components/ProtectedRoutes/ProtectedRoutes.jsx
FN:3,(anonymous_0)
FNF:1
FNH:0
FNDA:0,(anonymous_0)
DA:3,0
DA:4,0
DA:5,0
DA:6,0
DA:9,0
LF:5
LH:0
BRDA:5,0,0,0
BRDA:5,0,1,0
BRF:2
BRH:0
end_of_record
TN:
SF:src/components/RegistrationForm/RegistrationForm.jsx
FN:9,(anonymous_0)
FN:26,(anonymous_1)
FN:30,(anonymous_2)
FN:34,(anonymous_3)
FN:59,(anonymous_4)
FN:69,(anonymous_5)
FNF:6
FNH:6
FNDA:175,(anonymous_0)
FNDA:159,(anonymous_1)
FNDA:168,(anonymous_2)
FNDA:6,(anonymous_3)
FNDA:13,(anonymous_4)
FNDA:1,(anonymous_5)
DA:9,1
DA:10,175
DA:12,175
DA:19,175
DA:26,175
DA:27,159
DA:28,159
DA:30,175
DA:31,168
DA:34,175
DA:35,6
DA:36,6
DA:38,6
DA:39,3
DA:41,6
DA:42,2
DA:43,4
DA:44,2
DA:46,6
DA:47,2
DA:48,4
DA:49,1
DA:51,6
DA:52,3
DA:53,3
DA:54,1
DA:57,6
DA:59,13
DA:60,2
DA:61,2
DA:66,1
DA:67,1
DA:69,1
DA:70,1
DA:75,175
LF:35
LH:35
BRDA:38,0,0,3
BRDA:38,0,1,3
BRDA:38,1,0,6
BRDA:38,1,1,3
BRDA:41,2,0,2
BRDA:41,2,1,4
BRDA:41,3,0,6
BRDA:41,3,1,4
BRDA:43,4,0,2
BRDA:43,4,1,2
BRDA:43,5,0,4
BRDA:43,5,1,2
BRDA:46,6,0,2
BRDA:46,6,1,4
BRDA:46,7,0,6
BRDA:46,7,1,4
BRDA:48,8,0,1
BRDA:48,8,1,3
BRDA:51,9,0,3
BRDA:51,9,1,3
BRDA:51,10,0,6
BRDA:51,10,1,3
BRDA:53,11,0,1
BRDA:53,11,1,2
BRDA:59,12,0,2
BRDA:59,12,1,4
BRDA:90,13,0,175
BRDA:90,13,1,3
BRDA:103,14,0,175
BRDA:103,14,1,5
BRDA:116,15,0,175
BRDA:116,15,1,3
BRDA:129,16,0,175
BRDA:129,16,1,4
BRF:34
BRH:34
end_of_record
TN:
SF:src/components/Tabs/Tabs.jsx
FN:4,(anonymous_0)
FN:9,(anonymous_1)
FN:16,(anonymous_2)
FN:34,(anonymous_3)
FNF:4
FNH:0
FNDA:0,(anonymous_0)
FNDA:0,(anonymous_1)
FNDA:0,(anonymous_2)
FNDA:0,(anonymous_3)
DA:4,0
DA:5,0
DA:7,0
DA:9,0
DA:10,0
DA:16,0
DA:22,0
DA:34,0
LF:8
LH:0
BRDA:15,0,0,0
BRDA:15,0,1,0
BRF:2
BRH:0
end_of_record
TN:
SF:src/components/services/addPost.service.js
FN:1,(anonymous_0)
FNF:1
FNH:0
FNDA:0,(anonymous_0)
DA:1,0
DA:2,0
DA:3,0
DA:5,0
DA:14,0
DA:15,0
DA:19,0
DA:21,0
DA:22,0
DA:25,0
LF:10
LH:0
BRDA:3,0,0,0
BRDA:3,0,1,0
BRDA:14,1,0,0
BRDA:14,1,1,0
BRDA:15,2,0,0
BRDA:15,2,1,0
BRDA:19,3,0,0
BRDA:19,3,1,0
BRDA:21,4,0,0
BRDA:21,4,1,0
BRDA:21,5,0,0
BRDA:21,5,1,0
BRF:12
BRH:0
end_of_record
TN:
SF:src/components/services/login.service.js
FN:1,(anonymous_0)
FNF:1
FNH:1
FNDA:4,(anonymous_0)
DA:1,1
DA:2,4
DA:3,4
DA:10,3
DA:11,3
DA:12,2
DA:14,1
DA:16,3
DA:17,3
LF:9
LH:9
BRDA:11,0,0,2
BRDA:11,0,1,1
BRDA:12,1,0,2
BRDA:12,1,1,1
BRF:4
BRH:4
end_of_record
TN:
SF:src/components/services/post.service.js
FN:1,(anonymous_0)
FN:26,(anonymous_1)
FNF:2
FNH:0
FNDA:0,(anonymous_0)
FNDA:0,(anonymous_1)
DA:1,0
DA:2,0
DA:4,0
DA:12,0
DA:13,0
DA:17,0
DA:19,0
DA:20,0
DA:23,0
DA:26,0
DA:27,0
DA:28,0
DA:29,0
DA:31,0
DA:43,0
DA:44,0
DA:48,0
DA:50,0
DA:51,0
DA:54,0
LF:20
LH:0
BRDA:12,0,0,0
BRDA:12,0,1,0
BRDA:13,1,0,0
BRDA:13,1,1,0
BRDA:17,2,0,0
BRDA:17,2,1,0
BRDA:19,3,0,0
BRDA:19,3,1,0
BRDA:19,4,0,0
BRDA:19,4,1,0
BRDA:29,5,0,0
BRDA:29,5,1,0
BRDA:43,6,0,0
BRDA:43,6,1,0
BRDA:44,7,0,0
BRDA:44,7,1,0
BRDA:48,8,0,0
BRDA:48,8,1,0
BRDA:50,9,0,0
BRDA:50,9,1,0
BRDA:50,10,0,0
BRDA:50,10,1,0
BRF:22
BRH:0
end_of_record
TN:
SF:src/components/services/registration.service.js
FN:1,(anonymous_0)
FNF:1
FNH:1
FNDA:4,(anonymous_0)
DA:1,1
DA:2,4
DA:3,4
DA:10,3
DA:11,3
DA:12,2
DA:14,1
DA:16,3
DA:17,3
LF:9
LH:9
BRDA:11,0,0,2
BRDA:11,0,1,1
BRDA:12,1,0,2
BRDA:12,1,1,1
BRF:4
BRH:4
end_of_record
TN:
SF:src/components/services/updatePostStatus.service.js
FN:1,(anonymous_0)
FNF:1
FNH:0
FNDA:0,(anonymous_0)
DA:1,0
DA:2,0
DA:3,0
DA:5,0
DA:7,0
DA:19,0
DA:20,0
DA:24,0
DA:26,0
DA:27,0
DA:30,0
LF:11
LH:0
BRDA:5,0,0,0
BRDA:5,0,1,0
BRDA:19,1,0,0
BRDA:19,1,1,0
BRDA:20,2,0,0
BRDA:20,2,1,0
BRDA:24,3,0,0
BRDA:24,3,1,0
BRDA:26,4,0,0
BRDA:26,4,1,0
BRDA:26,5,0,0
BRDA:26,5,1,0
BRF:12
BRH:0
end_of_record
TN:
SF:src/contexts/ThemeProvider.jsx
FN:5,(anonymous_0)
FN:6,(anonymous_1)
FN:8,(anonymous_2)
FN:13,(anonymous_3)
FNF:4
FNH:0
FNDA:0,(anonymous_0)
FNDA:0,(anonymous_1)
FNDA:0,(anonymous_2)
FNDA:0,(anonymous_3)
DA:3,0
DA:5,0
DA:6,0
DA:8,0
DA:9,0
DA:10,0
DA:13,0
DA:14,0
DA:17,0
LF:9
LH:0
BRDA:6,0,0,0
BRDA:6,0,1,0
BRDA:14,1,0,0
BRDA:14,1,1,0
BRF:4
BRH:0
end_of_record
TN:
SF:src/reducers/reducers.js
FNF:0
FNH:0
DA:4,0
LF:1
LH:0
BRF:0
BRH:0
end_of_record
TN:
SF:src/reducers/user.slice.js
FN:12,(anonymous_0)
FN:15,(anonymous_1)
FN:23,(anonymous_2)
FNF:3
FNH:0
FNDA:0,(anonymous_0)
FNDA:0,(anonymous_1)
FNDA:0,(anonymous_2)
DA:3,0
DA:8,0
DA:13,0
DA:16,0
DA:20,0
DA:22,0
DA:23,0
LF:7
LH:0
BRF:0
BRH:0
end_of_record
TN:
SF:src/store/store.js
FN:19,(anonymous_0)
FNF:1
FNH:0
FNDA:0,(anonymous_0)
DA:6,0
DA:8,0
DA:15,0
DA:17,0
DA:20,0
DA:28,0
LF:6
LH:0
BRF:0
BRH:0
end_of_record
